This file contains any messages produced by compilers while
running configure, to aid debugging if configure makes a mistake.

It was created by GD configure 2.0.35, which was
generated by GNU Autoconf 2.59.  Invocation command line was

  $ ./configure --with-png --with-freetype --without-x --without-xpm --without-jpeg CC=gcc --no-create --no-recursion

## --------- ##
## Platform. ##
## --------- ##

hostname = hexagon.tallmaple.com
uname -m = x86_64
uname -r = 2.6.22.9-61.fc6
uname -s = Linux
uname -v = #1 SMP Thu Sep 27 18:07:59 EDT 2007

/usr/bin/uname -p = unknown
/bin/uname -X     = unknown

/bin/arch              = x86_64
/usr/bin/arch -k       = unknown
/usr/convex/getsysinfo = unknown
hostinfo               = unknown
/bin/machine           = unknown
/usr/bin/oslevel       = unknown
/bin/universe          = unknown

PATH: /usr/home/et/bin
PATH: /usr/local/bin
PATH: /usr/ucb
PATH: /bin
PATH: /usr/bin
PATH: /usr/games
PATH: /usr/X11R6/bin
PATH: /usr/bin/X11
PATH: /sbin
PATH: /usr/sbin
PATH: /usr/local/sbin
PATH: /usr/openwin/bin
PATH: /etc
PATH: /usr/etc
PATH: /usr/home/scm/bin
PATH: /usr/home/scm/checkout/tools
PATH: /usr/ccs/bin
PATH: /opt/rational/releases/purify.sol.2003.06.00
PATH: /usr/home/tms/eng/bin
PATH: /usr/home/et/coverity/prevent-linux64-3.6.1/bin
PATH: /usr/kerberos/bin
PATH: /usr/local/bin
PATH: /bin
PATH: /usr/bin
PATH: /usr/X11R6/bin
PATH: .


## ----------- ##
## Core tests. ##
## ----------- ##

configure:1559: checking build system type
configure:1577: result: x86_64-unknown-linux-gnu
configure:1585: checking host system type
configure:1599: result: x86_64-unknown-linux-gnu
configure:1607: checking target system type
configure:1621: result: x86_64-unknown-linux-gnu
configure:1665: checking for a BSD-compatible install
configure:1720: result: /usr/bin/install -c
configure:1731: checking whether build environment is sane
configure:1774: result: yes
configure:1839: checking for gawk
configure:1855: found /bin/gawk
configure:1865: result: gawk
configure:1875: checking whether make sets $(MAKE)
configure:1895: result: yes
configure:2066: checking if we are building a Cygwin target
configure:2076: result: no
configure:2126: checking for gcc
configure:2152: result: gcc
configure:2396: checking for C compiler version
configure:2399: gcc --version </dev/null >&5
gcc (GCC) 4.1.2 20070626 (Red Hat 4.1.2-13)
Copyright (C) 2006 Free Software Foundation, Inc.
This is free software; see the source for copying conditions.  There is NO
warranty; not even for MERCHANTABILITY or FITNESS FOR A PARTICULAR PURPOSE.

configure:2402: $? = 0
configure:2404: gcc -v </dev/null >&5
Using built-in specs.
Target: x86_64-redhat-linux
Configured with: ../configure --prefix=/usr --mandir=/usr/share/man --infodir=/usr/share/info --enable-shared --enable-threads=posix --enable-checking=release --with-system-zlib --enable-__cxa_atexit --disable-libunwind-exceptions --enable-libgcj-multifile --enable-languages=c,c++,objc,obj-c++,java,fortran,ada --enable-java-awt=gtk --disable-dssi --enable-plugin --with-java-home=/usr/lib/jvm/java-1.4.2-gcj-1.4.2.0/jre --with-cpu=generic --host=x86_64-redhat-linux
Thread model: posix
gcc version 4.1.2 20070626 (Red Hat 4.1.2-13)
configure:2407: $? = 0
configure:2409: gcc -V </dev/null >&5
gcc: '-V' option must have argument
configure:2412: $? = 1
configure:2435: checking for C compiler default output file name
configure:2438: gcc    conftest.c  >&5
configure:2441: $? = 0
configure:2487: result: a.out
configure:2492: checking whether the C compiler works
configure:2498: ./a.out
configure:2501: $? = 0
configure:2518: result: yes
configure:2525: checking whether we are cross compiling
configure:2527: result: no
configure:2530: checking for suffix of executables
configure:2532: gcc -o conftest    conftest.c  >&5
configure:2535: $? = 0
configure:2560: result: 
configure:2566: checking for suffix of object files
configure:2587: gcc -c   conftest.c >&5
configure:2590: $? = 0
configure:2612: result: o
configure:2616: checking whether we are using the GNU C compiler
configure:2640: gcc -c   conftest.c >&5
configure:2646: $? = 0
configure:2650: test -z 
			 || test ! -s conftest.err
configure:2653: $? = 0
configure:2656: test -s conftest.o
configure:2659: $? = 0
configure:2672: result: yes
configure:2678: checking whether gcc accepts -g
configure:2699: gcc -c -g  conftest.c >&5
configure:2705: $? = 0
configure:2709: test -z 
			 || test ! -s conftest.err
configure:2712: $? = 0
configure:2715: test -s conftest.o
configure:2718: $? = 0
configure:2729: result: yes
configure:2746: checking for gcc option to accept ANSI C
configure:2816: gcc  -c -g -O2  conftest.c >&5
configure:2822: $? = 0
configure:2826: test -z 
			 || test ! -s conftest.err
configure:2829: $? = 0
configure:2832: test -s conftest.o
configure:2835: $? = 0
configure:2853: result: none needed
configure:2871: gcc -c -g -O2  conftest.c >&5
conftest.c:2: error: expected '=', ',', ';', 'asm' or '__attribute__' before 'me'
configure:2877: $? = 1
configure: failed program was:
| #ifndef __cplusplus
|   choke me
| #endif
configure:3021: checking for style of include used by make
configure:3049: result: GNU
configure:3077: checking dependency style of gcc
configure:3167: result: gcc3
configure:3230: checking for gcc
configure:3256: result: gcc
configure:3500: checking for C compiler version
configure:3503: gcc --version </dev/null >&5
gcc (GCC) 4.1.2 20070626 (Red Hat 4.1.2-13)
Copyright (C) 2006 Free Software Foundation, Inc.
This is free software; see the source for copying conditions.  There is NO
warranty; not even for MERCHANTABILITY or FITNESS FOR A PARTICULAR PURPOSE.

configure:3506: $? = 0
configure:3508: gcc -v </dev/null >&5
Using built-in specs.
Target: x86_64-redhat-linux
Configured with: ../configure --prefix=/usr --mandir=/usr/share/man --infodir=/usr/share/info --enable-shared --enable-threads=posix --enable-checking=release --with-system-zlib --enable-__cxa_atexit --disable-libunwind-exceptions --enable-libgcj-multifile --enable-languages=c,c++,objc,obj-c++,java,fortran,ada --enable-java-awt=gtk --disable-dssi --enable-plugin --with-java-home=/usr/lib/jvm/java-1.4.2-gcj-1.4.2.0/jre --with-cpu=generic --host=x86_64-redhat-linux
Thread model: posix
gcc version 4.1.2 20070626 (Red Hat 4.1.2-13)
configure:3511: $? = 0
configure:3513: gcc -V </dev/null >&5
gcc: '-V' option must have argument
configure:3516: $? = 1
configure:3519: checking whether we are using the GNU C compiler
configure:3575: result: yes
configure:3581: checking whether gcc accepts -g
configure:3632: result: yes
configure:3649: checking for gcc option to accept ANSI C
configure:3756: result: none needed
configure:3774: gcc -c -g -O2  conftest.c >&5
conftest.c:2: error: expected '=', ',', ';', 'asm' or '__attribute__' before 'me'
configure:3780: $? = 1
configure: failed program was:
| #ifndef __cplusplus
|   choke me
| #endif
configure:3915: checking dependency style of gcc
configure:4005: result: gcc3
configure:4038: checking for a BSD-compatible install
configure:4093: result: /usr/bin/install -c
configure:4176: checking for a sed that does not truncate output
configure:4232: result: /bin/sed
configure:4235: checking for egrep
configure:4245: result: grep -E
configure:4261: checking for ld used by gcc
configure:4328: result: /usr/bin/ld
configure:4337: checking if the linker (/usr/bin/ld) is GNU ld
configure:4352: result: yes
configure:4357: checking for /usr/bin/ld option to reload object files
configure:4364: result: -r
configure:4382: checking for BSD-compatible nm
configure:4431: result: /usr/bin/nm -B
configure:4435: checking whether ln -s works
configure:4439: result: yes
configure:4446: checking how to recognise dependent libraries
configure:4622: result: pass_all
configure:4710: gcc -c -g -O2  conftest.c >&5
configure:4713: $? = 0
configure:4859: checking how to run the C preprocessor
configure:4894: gcc -E  conftest.c
configure:4900: $? = 0
configure:4932: gcc -E  conftest.c
conftest.c:11:28: error: ac_nonexistent.h: No such file or directory
configure:4938: $? = 1
configure: failed program was:
| /* confdefs.h.  */
| 
| #define PACKAGE_NAME "GD"
| #define PACKAGE_TARNAME "gd"
| #define PACKAGE_VERSION "2.0.35"
| #define PACKAGE_STRING "GD 2.0.35"
| #define PACKAGE_BUGREPORT "http://bugs.libgd.org"
| #define PACKAGE "gd"
| #define VERSION "2.0.35"
| /* end confdefs.h.  */
| #include <ac_nonexistent.h>
configure:4977: result: gcc -E
configure:5001: gcc -E  conftest.c
configure:5007: $? = 0
configure:5039: gcc -E  conftest.c
conftest.c:11:28: error: ac_nonexistent.h: No such file or directory
configure:5045: $? = 1
configure: failed program was:
| /* confdefs.h.  */
| 
| #define PACKAGE_NAME "GD"
| #define PACKAGE_TARNAME "gd"
| #define PACKAGE_VERSION "2.0.35"
| #define PACKAGE_STRING "GD 2.0.35"
| #define PACKAGE_BUGREPORT "http://bugs.libgd.org"
| #define PACKAGE "gd"
| #define VERSION "2.0.35"
| /* end confdefs.h.  */
| #include <ac_nonexistent.h>
configure:5089: checking for ANSI C header files
configure:5114: gcc -c -g -O2  conftest.c >&5
configure:5120: $? = 0
configure:5124: test -z 
			 || test ! -s conftest.err
configure:5127: $? = 0
configure:5130: test -s conftest.o
configure:5133: $? = 0
configure:5222: gcc -o conftest -g -O2   conftest.c  >&5
conftest.c: In function 'main':
conftest.c:28: warning: incompatible implicit declaration of built-in function 'exit'
configure:5225: $? = 0
configure:5227: ./conftest
configure:5230: $? = 0
configure:5245: result: yes
configure:5269: checking for sys/types.h
configure:5285: gcc -c -g -O2  conftest.c >&5
configure:5291: $? = 0
configure:5295: test -z 
			 || test ! -s conftest.err
configure:5298: $? = 0
configure:5301: test -s conftest.o
configure:5304: $? = 0
configure:5315: result: yes
configure:5269: checking for sys/stat.h
configure:5285: gcc -c -g -O2  conftest.c >&5
configure:5291: $? = 0
configure:5295: test -z 
			 || test ! -s conftest.err
configure:5298: $? = 0
configure:5301: test -s conftest.o
configure:5304: $? = 0
configure:5315: result: yes
configure:5269: checking for stdlib.h
configure:5285: gcc -c -g -O2  conftest.c >&5
configure:5291: $? = 0
configure:5295: test -z 
			 || test ! -s conftest.err
configure:5298: $? = 0
configure:5301: test -s conftest.o
configure:5304: $? = 0
configure:5315: result: yes
configure:5269: checking for string.h
configure:5285: gcc -c -g -O2  conftest.c >&5
configure:5291: $? = 0
configure:5295: test -z 
			 || test ! -s conftest.err
configure:5298: $? = 0
configure:5301: test -s conftest.o
configure:5304: $? = 0
configure:5315: result: yes
configure:5269: checking for memory.h
configure:5285: gcc -c -g -O2  conftest.c >&5
configure:5291: $? = 0
configure:5295: test -z 
			 || test ! -s conftest.err
configure:5298: $? = 0
configure:5301: test -s conftest.o
configure:5304: $? = 0
configure:5315: result: yes
configure:5269: checking for strings.h
configure:5285: gcc -c -g -O2  conftest.c >&5
configure:5291: $? = 0
configure:5295: test -z 
			 || test ! -s conftest.err
configure:5298: $? = 0
configure:5301: test -s conftest.o
configure:5304: $? = 0
configure:5315: result: yes
configure:5269: checking for inttypes.h
configure:5285: gcc -c -g -O2  conftest.c >&5
configure:5291: $? = 0
configure:5295: test -z 
			 || test ! -s conftest.err
configure:5298: $? = 0
configure:5301: test -s conftest.o
configure:5304: $? = 0
configure:5315: result: yes
configure:5269: checking for stdint.h
configure:5285: gcc -c -g -O2  conftest.c >&5
configure:5291: $? = 0
configure:5295: test -z 
			 || test ! -s conftest.err
configure:5298: $? = 0
configure:5301: test -s conftest.o
configure:5304: $? = 0
configure:5315: result: yes
configure:5269: checking for unistd.h
configure:5285: gcc -c -g -O2  conftest.c >&5
configure:5291: $? = 0
configure:5295: test -z 
			 || test ! -s conftest.err
configure:5298: $? = 0
configure:5301: test -s conftest.o
configure:5304: $? = 0
configure:5315: result: yes
configure:5341: checking dlfcn.h usability
configure:5353: gcc -c -g -O2  conftest.c >&5
configure:5359: $? = 0
configure:5363: test -z 
			 || test ! -s conftest.err
configure:5366: $? = 0
configure:5369: test -s conftest.o
configure:5372: $? = 0
configure:5382: result: yes
configure:5386: checking dlfcn.h presence
configure:5396: gcc -E  conftest.c
configure:5402: $? = 0
configure:5422: result: yes
configure:5457: checking for dlfcn.h
configure:5464: result: yes
configure:5529: checking for g++
configure:5545: found /usr/bin/g++
configure:5555: result: g++
configure:5571: checking for C++ compiler version
configure:5574: g++ --version </dev/null >&5
g++ (GCC) 4.1.2 20070626 (Red Hat 4.1.2-13)
Copyright (C) 2006 Free Software Foundation, Inc.
This is free software; see the source for copying conditions.  There is NO
warranty; not even for MERCHANTABILITY or FITNESS FOR A PARTICULAR PURPOSE.

configure:5577: $? = 0
configure:5579: g++ -v </dev/null >&5
Using built-in specs.
Target: x86_64-redhat-linux
Configured with: ../configure --prefix=/usr --mandir=/usr/share/man --infodir=/usr/share/info --enable-shared --enable-threads=posix --enable-checking=release --with-system-zlib --enable-__cxa_atexit --disable-libunwind-exceptions --enable-libgcj-multifile --enable-languages=c,c++,objc,obj-c++,java,fortran,ada --enable-java-awt=gtk --disable-dssi --enable-plugin --with-java-home=/usr/lib/jvm/java-1.4.2-gcj-1.4.2.0/jre --with-cpu=generic --host=x86_64-redhat-linux
Thread model: posix
gcc version 4.1.2 20070626 (Red Hat 4.1.2-13)
configure:5582: $? = 0
configure:5584: g++ -V </dev/null >&5
g++: '-V' option must have argument
configure:5587: $? = 1
configure:5590: checking whether we are using the GNU C++ compiler
configure:5614: g++ -c   conftest.cc >&5
configure:5620: $? = 0
configure:5624: test -z 
			 || test ! -s conftest.err
configure:5627: $? = 0
configure:5630: test -s conftest.o
configure:5633: $? = 0
configure:5646: result: yes
configure:5652: checking whether g++ accepts -g
configure:5673: g++ -c -g  conftest.cc >&5
configure:5679: $? = 0
configure:5683: test -z 
			 || test ! -s conftest.err
configure:5686: $? = 0
configure:5689: test -s conftest.o
configure:5692: $? = 0
configure:5703: result: yes
configure:5745: g++ -c -g -O2  conftest.cc >&5
configure:5751: $? = 0
configure:5755: test -z 
			 || test ! -s conftest.err
configure:5758: $? = 0
configure:5761: test -s conftest.o
configure:5764: $? = 0
configure:5790: g++ -c -g -O2  conftest.cc >&5
conftest.cc: In function 'int main()':
conftest.cc:26: error: 'exit' was not declared in this scope
configure:5796: $? = 1
configure: failed program was:
| /* confdefs.h.  */
| 
| #define PACKAGE_NAME "GD"
| #define PACKAGE_TARNAME "gd"
| #define PACKAGE_VERSION "2.0.35"
| #define PACKAGE_STRING "GD 2.0.35"
| #define PACKAGE_BUGREPORT "http://bugs.libgd.org"
| #define PACKAGE "gd"
| #define VERSION "2.0.35"
| #define STDC_HEADERS 1
| #define HAVE_SYS_TYPES_H 1
| #define HAVE_SYS_STAT_H 1
| #define HAVE_STDLIB_H 1
| #define HAVE_STRING_H 1
| #define HAVE_MEMORY_H 1
| #define HAVE_STRINGS_H 1
| #define HAVE_INTTYPES_H 1
| #define HAVE_STDINT_H 1
| #define HAVE_UNISTD_H 1
| #define HAVE_DLFCN_H 1
| /* end confdefs.h.  */
| 
| int
| main ()
| {
| exit (42);
|   ;
|   return 0;
| }
configure:5745: g++ -c -g -O2  conftest.cc >&5
configure:5751: $? = 0
configure:5755: test -z 
			 || test ! -s conftest.err
configure:5758: $? = 0
configure:5761: test -s conftest.o
configure:5764: $? = 0
configure:5790: g++ -c -g -O2  conftest.cc >&5
configure:5796: $? = 0
configure:5800: test -z 
			 || test ! -s conftest.err
configure:5803: $? = 0
configure:5806: test -s conftest.o
configure:5809: $? = 0
configure:5834: checking dependency style of g++
configure:5924: result: gcc3
configure:5951: checking how to run the C++ preprocessor
configure:5982: g++ -E  conftest.cc
configure:5988: $? = 0
configure:6020: g++ -E  conftest.cc
conftest.cc:25:28: error: ac_nonexistent.h: No such file or directory
configure:6026: $? = 1
configure: failed program was:
| /* confdefs.h.  */
| 
| #define PACKAGE_NAME "GD"
| #define PACKAGE_TARNAME "gd"
| #define PACKAGE_VERSION "2.0.35"
| #define PACKAGE_STRING "GD 2.0.35"
| #define PACKAGE_BUGREPORT "http://bugs.libgd.org"
| #define PACKAGE "gd"
| #define VERSION "2.0.35"
| #define STDC_HEADERS 1
| #define HAVE_SYS_TYPES_H 1
| #define HAVE_SYS_STAT_H 1
| #define HAVE_STDLIB_H 1
| #define HAVE_STRING_H 1
| #define HAVE_MEMORY_H 1
| #define HAVE_STRINGS_H 1
| #define HAVE_INTTYPES_H 1
| #define HAVE_STDINT_H 1
| #define HAVE_UNISTD_H 1
| #define HAVE_DLFCN_H 1
| #ifdef __cplusplus
| extern "C" void std::exit (int) throw (); using std::exit;
| #endif
| /* end confdefs.h.  */
| #include <ac_nonexistent.h>
configure:6065: result: g++ -E
configure:6089: g++ -E  conftest.cc
configure:6095: $? = 0
configure:6127: g++ -E  conftest.cc
conftest.cc:25:28: error: ac_nonexistent.h: No such file or directory
configure:6133: $? = 1
configure: failed program was:
| /* confdefs.h.  */
| 
| #define PACKAGE_NAME "GD"
| #define PACKAGE_TARNAME "gd"
| #define PACKAGE_VERSION "2.0.35"
| #define PACKAGE_STRING "GD 2.0.35"
| #define PACKAGE_BUGREPORT "http://bugs.libgd.org"
| #define PACKAGE "gd"
| #define VERSION "2.0.35"
| #define STDC_HEADERS 1
| #define HAVE_SYS_TYPES_H 1
| #define HAVE_SYS_STAT_H 1
| #define HAVE_STDLIB_H 1
| #define HAVE_STRING_H 1
| #define HAVE_MEMORY_H 1
| #define HAVE_STRINGS_H 1
| #define HAVE_INTTYPES_H 1
| #define HAVE_STDINT_H 1
| #define HAVE_UNISTD_H 1
| #define HAVE_DLFCN_H 1
| #ifdef __cplusplus
| extern "C" void std::exit (int) throw (); using std::exit;
| #endif
| /* end confdefs.h.  */
| #include <ac_nonexistent.h>
configure:6230: checking for g77
configure:6259: result: no
configure:6230: checking for f77
configure:6259: result: no
configure:6230: checking for xlf
configure:6259: result: no
configure:6230: checking for frt
configure:6259: result: no
configure:6230: checking for pgf77
configure:6259: result: no
configure:6230: checking for fort77
configure:6259: result: no
configure:6230: checking for fl32
configure:6259: result: no
configure:6230: checking for af77
configure:6259: result: no
configure:6230: checking for f90
configure:6259: result: no
configure:6230: checking for xlf90
configure:6259: result: no
configure:6230: checking for pgf90
configure:6259: result: no
configure:6230: checking for epcf90
configure:6259: result: no
configure:6230: checking for f95
configure:6246: found /usr/bin/f95
configure:6256: result: f95
configure:6271: checking for Fortran 77 compiler version
configure:6274: f95 --version </dev/null >&5
GNU Fortran (GCC) 4.1.2 20070626 (Red Hat 4.1.2-13)
Copyright (C) 2007 Free Software Foundation, Inc.

GNU Fortran comes with NO WARRANTY, to the extent permitted by law.
You may redistribute copies of GNU Fortran
under the terms of the GNU General Public License.
For more information about these matters, see the file named COPYING

configure:6277: $? = 0
configure:6279: f95 -v </dev/null >&5
Using built-in specs.
Target: x86_64-redhat-linux
Configured with: ../configure --prefix=/usr --mandir=/usr/share/man --infodir=/usr/share/info --enable-shared --enable-threads=posix --enable-checking=release --with-system-zlib --enable-__cxa_atexit --disable-libunwind-exceptions --enable-libgcj-multifile --enable-languages=c,c++,objc,obj-c++,java,fortran,ada --enable-java-awt=gtk --disable-dssi --enable-plugin --with-java-home=/usr/lib/jvm/java-1.4.2-gcj-1.4.2.0/jre --with-cpu=generic --host=x86_64-redhat-linux
Thread model: posix
gcc version 4.1.2 20070626 (Red Hat 4.1.2-13)
configure:6282: $? = 0
configure:6284: f95 -V </dev/null >&5
f95: '-V' option must have argument
configure:6287: $? = 1
configure:6295: checking whether we are using the GNU Fortran 77 compiler
configure:6309: f95 -c  conftest.F >&5
configure:6315: $? = 0
configure:6319: test -z 
			 || test ! -s conftest.err
configure:6322: $? = 0
configure:6325: test -s conftest.o
configure:6328: $? = 0
configure:6341: result: yes
configure:6347: checking whether f95 accepts -g
configure:6359: f95 -c -g conftest.f >&5
configure:6365: $? = 0
configure:6369: test -z 
			 || test ! -s conftest.err
configure:6372: $? = 0
configure:6375: test -s conftest.o
configure:6378: $? = 0
configure:6390: result: yes
configure:6420: checking the maximum length of command line arguments
configure:6529: result: 32768
configure:6540: checking command to parse /usr/bin/nm -B output from gcc object
configure:6645: gcc -c -g -O2  conftest.c >&5
configure:6648: $? = 0
configure:6652: /usr/bin/nm -B conftest.o \| sed -n -e 's/^.*[ 	]\([ABCDGIRSTW][ABCDGIRSTW]*\)[ 	][ 	]*\([_A-Za-z][_A-Za-z0-9]*\)$/\1 \2 \2/p' \> conftest.nm
configure:6655: $? = 0
configure:6707: gcc -o conftest -g -O2   conftest.c conftstm.o >&5
configure:6710: $? = 0
configure:6748: result: ok
configure:6752: checking for objdir
configure:6767: result: .libs
configure:6857: checking for ar
configure:6873: found /usr/bin/ar
configure:6884: result: ar
configure:6937: checking for ranlib
configure:6953: found /usr/bin/ranlib
configure:6964: result: ranlib
configure:7017: checking for strip
configure:7033: found /usr/bin/strip
configure:7044: result: strip
configure:7316: checking if gcc supports -fno-rtti -fno-exceptions
configure:7334: gcc -c -g -O2  -fno-rtti -fno-exceptions conftest.c >&5
cc1: warning: command line option "-fno-rtti" is valid for C++/ObjC++ but not for C
configure:7338: $? = 0
configure:7351: result: no
configure:7366: checking for gcc option to produce PIC
configure:7576: result: -fPIC
configure:7584: checking if gcc PIC flag -fPIC works
configure:7602: gcc -c -g -O2  -fPIC -DPIC conftest.c >&5
configure:7606: $? = 0
configure:7619: result: yes
configure:7647: checking if gcc static flag -static works
configure:7675: result: yes
configure:7685: checking if gcc supports -c -o file.o
configure:7706: gcc -c -g -O2  -o out/conftest2.o conftest.c >&5
configure:7710: $? = 0
configure:7732: result: yes
configure:7758: checking whether the gcc linker (/usr/bin/ld -m elf_x86_64) supports shared libraries
configure:8716: result: yes
configure:8737: checking whether -lc should be explicitly linked in
configure:8742: gcc -c -g -O2  conftest.c >&5
configure:8745: $? = 0
configure:8760: gcc -shared conftest.o  -v -Wl,-soname -Wl,conftest -o conftest 2\>\&1 \| grep  -lc  \>/dev/null 2\>\&1
configure:8763: $? = 0
configure:8775: result: no
configure:8783: checking dynamic linker characteristics
configure:9176: gcc -c -g -O2  conftest.c >&5
configure:9179: $? = 0
configure:9392: result: GNU/Linux ld.so
configure:9401: checking how to hardcode library paths into programs
configure:9426: result: immediate
configure:9440: checking whether stripping libraries is possible
configure:9445: result: yes
configure:10279: checking if libtool supports shared libraries
configure:10281: result: yes
configure:10284: checking whether to build shared libraries
configure:10305: result: yes
configure:10308: checking whether to build static libraries
configure:10312: result: yes
configure:10404: creating libtool
configure:10995: checking for ld used by g++
configure:11062: result: /usr/bin/ld -m elf_x86_64
configure:11071: checking if the linker (/usr/bin/ld -m elf_x86_64) is GNU ld
configure:11086: result: yes
configure:11137: checking whether the g++ linker (/usr/bin/ld -m elf_x86_64) supports shared libraries
configure:12075: result: yes
configure:12093: g++ -c -g -O2  conftest.cpp >&5
configure:12096: $? = 0
configure:12215: checking for g++ option to produce PIC
configure:12489: result: -fPIC
configure:12497: checking if g++ PIC flag -fPIC works
configure:12515: g++ -c -g -O2  -fPIC -DPIC conftest.cpp >&5
configure:12519: $? = 0
configure:12532: result: yes
configure:12560: checking if g++ static flag -static works
configure:12588: result: yes
configure:12598: checking if g++ supports -c -o file.o
configure:12619: g++ -c -g -O2  -o out/conftest2.o conftest.cpp >&5
configure:12623: $? = 0
configure:12645: result: yes
configure:12671: checking whether the g++ linker (/usr/bin/ld -m elf_x86_64) supports shared libraries
configure:12696: result: yes
configure:12763: checking dynamic linker characteristics
configure:13156: g++ -c -g -O2  conftest.cpp >&5
configure:13159: $? = 0
configure:13372: result: GNU/Linux ld.so
configure:13381: checking how to hardcode library paths into programs
configure:13406: result: immediate
configure:13935: checking if libtool supports shared libraries
configure:13937: result: yes
configure:13940: checking whether to build shared libraries
configure:13960: result: yes
configure:13963: checking whether to build static libraries
configure:13967: result: yes
configure:13977: checking for f95 option to produce PIC
configure:14187: result: -fPIC
configure:14195: checking if f95 PIC flag -fPIC works
configure:14213: f95 -c -g -O2 -fPIC conftest.f >&5
configure:14217: $? = 0
configure:14230: result: yes
configure:14258: checking if f95 static flag -static works
configure:14286: result: yes
configure:14296: checking if f95 supports -c -o file.o
configure:14317: f95 -c -g -O2 -o out/conftest2.o conftest.f >&5
configure:14321: $? = 0
configure:14343: result: yes
configure:14369: checking whether the f95 linker (/usr/bin/ld -m elf_x86_64) supports shared libraries
configure:15307: result: yes
configure:15374: checking dynamic linker characteristics
configure:15767: f95 -c -g -O2 conftest.f >&5
Warning: conftest.f:1: Illegal preprocessor directive
configure:15770: $? = 0
configure:15983: result: GNU/Linux ld.so
configure:15992: checking how to hardcode library paths into programs
configure:16017: result: immediate
configure:19610: checking whether ln -s works
configure:19614: result: yes
configure:19621: checking whether make sets $(MAKE)
configure:19641: result: yes
configure:19652: checking for X
configure:19872: result: disabled
configure:19894: checking for ANSI C header files
configure:20050: result: yes
configure:20079: checking errno.h usability
configure:20091: gcc -c -g -O2  conftest.c >&5
configure:20097: $? = 0
configure:20101: test -z 
			 || test ! -s conftest.err
configure:20104: $? = 0
configure:20107: test -s conftest.o
configure:20110: $? = 0
configure:20120: result: yes
configure:20124: checking errno.h presence
configure:20134: gcc -E  conftest.c
configure:20140: $? = 0
configure:20160: result: yes
configure:20195: checking for errno.h
configure:20202: result: yes
configure:20079: checking limits.h usability
configure:20091: gcc -c -g -O2  conftest.c >&5
configure:20097: $? = 0
configure:20101: test -z 
			 || test ! -s conftest.err
configure:20104: $? = 0
configure:20107: test -s conftest.o
configure:20110: $? = 0
configure:20120: result: yes
configure:20124: checking limits.h presence
configure:20134: gcc -E  conftest.c
configure:20140: $? = 0
configure:20160: result: yes
configure:20195: checking for limits.h
configure:20202: result: yes
configure:20079: checking stddef.h usability
configure:20091: gcc -c -g -O2  conftest.c >&5
configure:20097: $? = 0
configure:20101: test -z 
			 || test ! -s conftest.err
configure:20104: $? = 0
configure:20107: test -s conftest.o
configure:20110: $? = 0
configure:20120: result: yes
configure:20124: checking stddef.h presence
configure:20134: gcc -E  conftest.c
configure:20140: $? = 0
configure:20160: result: yes
configure:20195: checking for stddef.h
configure:20202: result: yes
configure:20070: checking for stdlib.h
configure:20075: result: yes
configure:20070: checking for string.h
configure:20075: result: yes
configure:20070: checking for unistd.h
configure:20075: result: yes
configure:20256: checking for ld used by GCC
configure:20320: result: /usr/bin/ld -m elf_x86_64
configure:20329: checking if the linker (/usr/bin/ld -m elf_x86_64) is GNU ld
configure:20342: result: yes
configure:20349: checking for shared library run path origin
configure:20362: result: done
configure:20792: checking for iconv
configure:20819: gcc -o conftest -g -O2   conftest.c  >&5
configure:20825: $? = 0
configure:20829: test -z 
			 || test ! -s conftest.err
configure:20832: $? = 0
configure:20835: test -s conftest
configure:20838: $? = 0
configure:20904: result: yes
configure:20927: checking for iconv declaration
configure:20961: gcc -c -g -O2  conftest.c >&5
configure:20967: $? = 0
configure:20971: test -z 
			 || test ! -s conftest.err
configure:20974: $? = 0
configure:20977: test -s conftest.o
configure:20980: $? = 0
configure:20995: result: 
         extern size_t iconv (iconv_t cd, char * *inbuf, size_t *inbytesleft, char * *outbuf, size_t *outbytesleft);
configure:21023: checking iconv.h usability
configure:21035: gcc -c -g -O2  conftest.c >&5
configure:21041: $? = 0
configure:21045: test -z 
			 || test ! -s conftest.err
configure:21048: $? = 0
configure:21051: test -s conftest.o
configure:21054: $? = 0
configure:21064: result: yes
configure:21068: checking iconv.h presence
configure:21078: gcc -E  conftest.c
configure:21084: $? = 0
configure:21104: result: yes
configure:21139: checking for iconv.h
configure:21146: result: yes
configure:21154: checking whether iconv.h defines iconv_t
configure:21167: result: yes
configure:21198: checking for sin
configure:21255: gcc -o conftest -g -O2   conftest.c  >&5
conftest.c:60: warning: conflicting types for built-in function 'sin'
/tmp/cc2wYhL8.o: In function `main':
/usr/home/et/Work/nosync/sw/gd-2.0.35/conftest.c:75: undefined reference to `sin'
/tmp/cc2wYhL8.o:(.data+0x0): undefined reference to `sin'
collect2: ld returned 1 exit status
configure:21261: $? = 1
configure: failed program was:
| /* confdefs.h.  */
| 
| #define PACKAGE_NAME "GD"
| #define PACKAGE_TARNAME "gd"
| #define PACKAGE_VERSION "2.0.35"
| #define PACKAGE_STRING "GD 2.0.35"
| #define PACKAGE_BUGREPORT "http://bugs.libgd.org"
| #define PACKAGE "gd"
| #define VERSION "2.0.35"
| #define STDC_HEADERS 1
| #define HAVE_SYS_TYPES_H 1
| #define HAVE_SYS_STAT_H 1
| #define HAVE_STDLIB_H 1
| #define HAVE_STRING_H 1
| #define HAVE_MEMORY_H 1
| #define HAVE_STRINGS_H 1
| #define HAVE_INTTYPES_H 1
| #define HAVE_STDINT_H 1
| #define HAVE_UNISTD_H 1
| #define HAVE_DLFCN_H 1
| #ifdef __cplusplus
| extern "C" void std::exit (int) throw (); using std::exit;
| #endif
| #define STDC_HEADERS 1
| #define HAVE_ERRNO_H 1
| #define HAVE_LIMITS_H 1
| #define HAVE_STDDEF_H 1
| #define HAVE_STDLIB_H 1
| #define HAVE_STRING_H 1
| #define HAVE_UNISTD_H 1
| #define HAVE_ICONV 1
| #define ICONV_CONST 
| #define HAVE_ICONV_H 1
| #define HAVE_ICONV_T_DEF 1
| /* end confdefs.h.  */
| /* Define sin to an innocuous variant, in case <limits.h> declares sin.
|    For example, HP-UX 11i <limits.h> declares gettimeofday.  */
| #define sin innocuous_sin
| 
| /* System header to define __stub macros and hopefully few prototypes,
|     which can conflict with char sin (); below.
|     Prefer <limits.h> to <assert.h> if __STDC__ is defined, since
|     <limits.h> exists even on freestanding compilers.  */
| 
| #ifdef __STDC__
| # include <limits.h>
| #else
| # include <assert.h>
| #endif
| 
| #undef sin
| 
| /* Override any gcc2 internal prototype to avoid an error.  */
| #ifdef __cplusplus
| extern "C"
| {
| #endif
| /* We use char because int might match the return type of a gcc2
|    builtin and then its argument prototype would still apply.  */
| char sin ();
| /* The GNU C library defines this for functions which it implements
|     to always fail with ENOSYS.  Some functions are actually named
|     something starting with __ and the normal name is an alias.  */
| #if defined (__stub_sin) || defined (__stub___sin)
| choke me
| #else
| char (*f) () = sin;
| #endif
| #ifdef __cplusplus
| }
| #endif
| 
| int
| main ()
| {
| return f != sin;
|   ;
|   return 0;
| }
configure:21286: result: no
configure:21292: checking for sin in -lm
configure:21322: gcc -o conftest -g -O2   conftest.c -lm   >&5
conftest.c:43: warning: conflicting types for built-in function 'sin'
configure:21328: $? = 0
configure:21332: test -z 
			 || test ! -s conftest.err
configure:21335: $? = 0
configure:21338: test -s conftest
configure:21341: $? = 0
configure:21354: result: yes
configure:21368: checking for deflate in -lz
configure:21398: gcc -o conftest -g -O2   conftest.c -lz  -lm  >&5
configure:21404: $? = 0
configure:21408: test -z 
			 || test ! -s conftest.err
configure:21411: $? = 0
configure:21414: test -s conftest
configure:21417: $? = 0
configure:21430: result: yes
configure:21464: checking for libpng12-config
configure:21482: found /usr/bin/libpng12-config
configure:21494: result: /usr/bin/libpng12-config
configure:21503: checking for libpng-config
configure:21521: found /usr/bin/libpng-config
configure:21533: result: /usr/bin/libpng-config
configure:21569: checking png.h usability
configure:21581: gcc -c -g -O2  conftest.c >&5
configure:21587: $? = 0
configure:21591: test -z 
			 || test ! -s conftest.err
configure:21594: $? = 0
configure:21597: test -s conftest.o
configure:21600: $? = 0
configure:21610: result: yes
configure:21614: checking png.h presence
configure:21624: gcc -E  conftest.c
configure:21630: $? = 0
configure:21650: result: yes
configure:21685: checking for png.h
configure:21692: result: yes
configure:21863: checking for png_create_read_struct in -lpng12
configure:21893: gcc -o conftest -g -O2   -L/usr/lib64  conftest.c -lpng12  -lz -lm  >&5
configure:21899: $? = 0
configure:21903: test -z 
			 || test ! -s conftest.err
configure:21906: $? = 0
configure:21909: test -s conftest
configure:21912: $? = 0
configure:21925: result: yes
configure:22169: checking for freetype-config
configure:22187: found /usr/bin/freetype-config
configure:22199: result: /usr/bin/freetype-config
configure:22231: checking for FT_Init_FreeType in -lfreetype
configure:22261: gcc -o conftest -g -O2 -I/usr/include/freetype2    -L/usr/lib64  conftest.c -lfreetype  -lpng12 -lz -lm  >&5
configure:22267: $? = 0
configure:22271: test -z 
			 || test ! -s conftest.err
configure:22274: $? = 0
configure:22277: test -s conftest
configure:22280: $? = 0
configure:22293: result: yes
configure:22326: checking ft2build.h usability
configure:22338: gcc -c -g -O2 -I/usr/include/freetype2  conftest.c >&5
configure:22344: $? = 0
configure:22348: test -z 
			 || test ! -s conftest.err
configure:22351: $? = 0
configure:22354: test -s conftest.o
configure:22357: $? = 0
configure:22367: result: yes
configure:22371: checking ft2build.h presence
configure:22381: gcc -E -I/usr/include/freetype2  conftest.c
configure:22387: $? = 0
configure:22407: result: yes
configure:22442: checking for ft2build.h
configure:22449: result: yes
configure:22486: checking for FcInit in -lfontconfig
configure:22516: gcc -o conftest -g -O2 -I/usr/include/freetype2    -L/usr/lib64  conftest.c -lfontconfig  -lfreetype -lpng12 -lz -lm  >&5
configure:22522: $? = 0
configure:22526: test -z 
			 || test ! -s conftest.err
configure:22529: $? = 0
configure:22532: test -s conftest
configure:22535: $? = 0
configure:22548: result: yes
configure:22939: checking for the pthreads library -lpthreads
configure:22977: gcc -o conftest -g -O2  -I/usr/include/freetype2    -L/usr/lib64  conftest.c -lpthreads -lfontconfig -lfreetype -lpng12 -lz -lm  >&5
/usr/bin/ld: cannot find -lpthreads
collect2: ld returned 1 exit status
configure:22983: $? = 1
configure: failed program was:
| /* confdefs.h.  */
| 
| #define PACKAGE_NAME "GD"
| #define PACKAGE_TARNAME "gd"
| #define PACKAGE_VERSION "2.0.35"
| #define PACKAGE_STRING "GD 2.0.35"
| #define PACKAGE_BUGREPORT "http://bugs.libgd.org"
| #define PACKAGE "gd"
| #define VERSION "2.0.35"
| #define STDC_HEADERS 1
| #define HAVE_SYS_TYPES_H 1
| #define HAVE_SYS_STAT_H 1
| #define HAVE_STDLIB_H 1
| #define HAVE_STRING_H 1
| #define HAVE_MEMORY_H 1
| #define HAVE_STRINGS_H 1
| #define HAVE_INTTYPES_H 1
| #define HAVE_STDINT_H 1
| #define HAVE_UNISTD_H 1
| #define HAVE_DLFCN_H 1
| #ifdef __cplusplus
| extern "C" void std::exit (int) throw (); using std::exit;
| #endif
| #define STDC_HEADERS 1
| #define HAVE_ERRNO_H 1
| #define HAVE_LIMITS_H 1
| #define HAVE_STDDEF_H 1
| #define HAVE_STDLIB_H 1
| #define HAVE_STRING_H 1
| #define HAVE_UNISTD_H 1
| #define HAVE_ICONV 1
| #define ICONV_CONST 
| #define HAVE_ICONV_H 1
| #define HAVE_ICONV_T_DEF 1
| #define HAVE_LIBM 1
| #define HAVE_LIBZ 1
| #define HAVE_PNG_H 1
| #define HAVE_LIBPNG 1
| #define HAVE_LIBFREETYPE 1
| #define HAVE_FT2BUILD_H 1
| #define HAVE_LIBFONTCONFIG 1
| /* end confdefs.h.  */
| #include <pthread.h>
| int
| main ()
| {
| pthread_t th; pthread_join(th, 0);
|                      pthread_attr_init(0); pthread_cleanup_push(0, 0);
|                      pthread_create(0,0,0,0); pthread_cleanup_pop(0);
|   ;
|   return 0;
| }
configure:23010: result: no
configure:22886: checking whether pthreads work without any flags
configure:22977: gcc -o conftest -g -O2  -I/usr/include/freetype2    -L/usr/lib64  conftest.c  -lfontconfig -lfreetype -lpng12 -lz -lm  >&5
/tmp/cc4zoHAu.o: In function `main':
/usr/home/et/Work/nosync/sw/gd-2.0.35/conftest.c:47: undefined reference to `pthread_join'
/usr/home/et/Work/nosync/sw/gd-2.0.35/conftest.c:48: undefined reference to `__pthread_register_cancel'
/usr/home/et/Work/nosync/sw/gd-2.0.35/conftest.c:49: undefined reference to `pthread_create'
/usr/home/et/Work/nosync/sw/gd-2.0.35/conftest.c:49: undefined reference to `__pthread_unregister_cancel'
collect2: ld returned 1 exit status
configure:22983: $? = 1
configure: failed program was:
| /* confdefs.h.  */
| 
| #define PACKAGE_NAME "GD"
| #define PACKAGE_TARNAME "gd"
| #define PACKAGE_VERSION "2.0.35"
| #define PACKAGE_STRING "GD 2.0.35"
| #define PACKAGE_BUGREPORT "http://bugs.libgd.org"
| #define PACKAGE "gd"
| #define VERSION "2.0.35"
| #define STDC_HEADERS 1
| #define HAVE_SYS_TYPES_H 1
| #define HAVE_SYS_STAT_H 1
| #define HAVE_STDLIB_H 1
| #define HAVE_STRING_H 1
| #define HAVE_MEMORY_H 1
| #define HAVE_STRINGS_H 1
| #define HAVE_INTTYPES_H 1
| #define HAVE_STDINT_H 1
| #define HAVE_UNISTD_H 1
| #define HAVE_DLFCN_H 1
| #ifdef __cplusplus
| extern "C" void std::exit (int) throw (); using std::exit;
| #endif
| #define STDC_HEADERS 1
| #define HAVE_ERRNO_H 1
| #define HAVE_LIMITS_H 1
| #define HAVE_STDDEF_H 1
| #define HAVE_STDLIB_H 1
| #define HAVE_STRING_H 1
| #define HAVE_UNISTD_H 1
| #define HAVE_ICONV 1
| #define ICONV_CONST 
| #define HAVE_ICONV_H 1
| #define HAVE_ICONV_T_DEF 1
| #define HAVE_LIBM 1
| #define HAVE_LIBZ 1
| #define HAVE_PNG_H 1
| #define HAVE_LIBPNG 1
| #define HAVE_LIBFREETYPE 1
| #define HAVE_FT2BUILD_H 1
| #define HAVE_LIBFONTCONFIG 1
| /* end confdefs.h.  */
| #include <pthread.h>
| int
| main ()
| {
| pthread_t th; pthread_join(th, 0);
|                      pthread_attr_init(0); pthread_cleanup_push(0, 0);
|                      pthread_create(0,0,0,0); pthread_cleanup_pop(0);
|   ;
|   return 0;
| }
configure:23010: result: no
configure:22891: checking whether pthreads work with -Kthread
configure:22977: gcc -o conftest -g -O2 -Kthread -I/usr/include/freetype2    -L/usr/lib64  conftest.c  -lfontconfig -lfreetype -lpng12 -lz -lm  >&5
gcc: unrecognized option '-Kthread'
/tmp/ccoJWimN.o: In function `main':
/usr/home/et/Work/nosync/sw/gd-2.0.35/conftest.c:47: undefined reference to `pthread_join'
/usr/home/et/Work/nosync/sw/gd-2.0.35/conftest.c:48: undefined reference to `__pthread_register_cancel'
/usr/home/et/Work/nosync/sw/gd-2.0.35/conftest.c:49: undefined reference to `pthread_create'
/usr/home/et/Work/nosync/sw/gd-2.0.35/conftest.c:49: undefined reference to `__pthread_unregister_cancel'
collect2: ld returned 1 exit status
configure:22983: $? = 1
configure: failed program was:
| /* confdefs.h.  */
| 
| #define PACKAGE_NAME "GD"
| #define PACKAGE_TARNAME "gd"
| #define PACKAGE_VERSION "2.0.35"
| #define PACKAGE_STRING "GD 2.0.35"
| #define PACKAGE_BUGREPORT "http://bugs.libgd.org"
| #define PACKAGE "gd"
| #define VERSION "2.0.35"
| #define STDC_HEADERS 1
| #define HAVE_SYS_TYPES_H 1
| #define HAVE_SYS_STAT_H 1
| #define HAVE_STDLIB_H 1
| #define HAVE_STRING_H 1
| #define HAVE_MEMORY_H 1
| #define HAVE_STRINGS_H 1
| #define HAVE_INTTYPES_H 1
| #define HAVE_STDINT_H 1
| #define HAVE_UNISTD_H 1
| #define HAVE_DLFCN_H 1
| #ifdef __cplusplus
| extern "C" void std::exit (int) throw (); using std::exit;
| #endif
| #define STDC_HEADERS 1
| #define HAVE_ERRNO_H 1
| #define HAVE_LIMITS_H 1
| #define HAVE_STDDEF_H 1
| #define HAVE_STDLIB_H 1
| #define HAVE_STRING_H 1
| #define HAVE_UNISTD_H 1
| #define HAVE_ICONV 1
| #define ICONV_CONST 
| #define HAVE_ICONV_H 1
| #define HAVE_ICONV_T_DEF 1
| #define HAVE_LIBM 1
| #define HAVE_LIBZ 1
| #define HAVE_PNG_H 1
| #define HAVE_LIBPNG 1
| #define HAVE_LIBFREETYPE 1
| #define HAVE_FT2BUILD_H 1
| #define HAVE_LIBFONTCONFIG 1
| /* end confdefs.h.  */
| #include <pthread.h>
| int
| main ()
| {
| pthread_t th; pthread_join(th, 0);
|                      pthread_attr_init(0); pthread_cleanup_push(0, 0);
|                      pthread_create(0,0,0,0); pthread_cleanup_pop(0);
|   ;
|   return 0;
| }
configure:23010: result: no
configure:22891: checking whether pthreads work with -kthread
configure:22977: gcc -o conftest -g -O2 -kthread -I/usr/include/freetype2    -L/usr/lib64  conftest.c  -lfontconfig -lfreetype -lpng12 -lz -lm  >&5
gcc: unrecognized option '-kthread'
/tmp/ccAK8VQ5.o: In function `main':
/usr/home/et/Work/nosync/sw/gd-2.0.35/conftest.c:47: undefined reference to `pthread_join'
/usr/home/et/Work/nosync/sw/gd-2.0.35/conftest.c:48: undefined reference to `__pthread_register_cancel'
/usr/home/et/Work/nosync/sw/gd-2.0.35/conftest.c:49: undefined reference to `pthread_create'
/usr/home/et/Work/nosync/sw/gd-2.0.35/conftest.c:49: undefined reference to `__pthread_unregister_cancel'
collect2: ld returned 1 exit status
configure:22983: $? = 1
configure: failed program was:
| /* confdefs.h.  */
| 
| #define PACKAGE_NAME "GD"
| #define PACKAGE_TARNAME "gd"
| #define PACKAGE_VERSION "2.0.35"
| #define PACKAGE_STRING "GD 2.0.35"
| #define PACKAGE_BUGREPORT "http://bugs.libgd.org"
| #define PACKAGE "gd"
| #define VERSION "2.0.35"
| #define STDC_HEADERS 1
| #define HAVE_SYS_TYPES_H 1
| #define HAVE_SYS_STAT_H 1
| #define HAVE_STDLIB_H 1
| #define HAVE_STRING_H 1
| #define HAVE_MEMORY_H 1
| #define HAVE_STRINGS_H 1
| #define HAVE_INTTYPES_H 1
| #define HAVE_STDINT_H 1
| #define HAVE_UNISTD_H 1
| #define HAVE_DLFCN_H 1
| #ifdef __cplusplus
| extern "C" void std::exit (int) throw (); using std::exit;
| #endif
| #define STDC_HEADERS 1
| #define HAVE_ERRNO_H 1
| #define HAVE_LIMITS_H 1
| #define HAVE_STDDEF_H 1
| #define HAVE_STDLIB_H 1
| #define HAVE_STRING_H 1
| #define HAVE_UNISTD_H 1
| #define HAVE_ICONV 1
| #define ICONV_CONST 
| #define HAVE_ICONV_H 1
| #define HAVE_ICONV_T_DEF 1
| #define HAVE_LIBM 1
| #define HAVE_LIBZ 1
| #define HAVE_PNG_H 1
| #define HAVE_LIBPNG 1
| #define HAVE_LIBFREETYPE 1
| #define HAVE_FT2BUILD_H 1
| #define HAVE_LIBFONTCONFIG 1
| /* end confdefs.h.  */
| #include <pthread.h>
| int
| main ()
| {
| pthread_t th; pthread_join(th, 0);
|                      pthread_attr_init(0); pthread_cleanup_push(0, 0);
|                      pthread_create(0,0,0,0); pthread_cleanup_pop(0);
|   ;
|   return 0;
| }
configure:23010: result: no
configure:22939: checking for the pthreads library -llthread
configure:22977: gcc -o conftest -g -O2  -I/usr/include/freetype2    -L/usr/lib64  conftest.c -llthread -lfontconfig -lfreetype -lpng12 -lz -lm  >&5
/usr/bin/ld: cannot find -llthread
collect2: ld returned 1 exit status
configure:22983: $? = 1
configure: failed program was:
| /* confdefs.h.  */
| 
| #define PACKAGE_NAME "GD"
| #define PACKAGE_TARNAME "gd"
| #define PACKAGE_VERSION "2.0.35"
| #define PACKAGE_STRING "GD 2.0.35"
| #define PACKAGE_BUGREPORT "http://bugs.libgd.org"
| #define PACKAGE "gd"
| #define VERSION "2.0.35"
| #define STDC_HEADERS 1
| #define HAVE_SYS_TYPES_H 1
| #define HAVE_SYS_STAT_H 1
| #define HAVE_STDLIB_H 1
| #define HAVE_STRING_H 1
| #define HAVE_MEMORY_H 1
| #define HAVE_STRINGS_H 1
| #define HAVE_INTTYPES_H 1
| #define HAVE_STDINT_H 1
| #define HAVE_UNISTD_H 1
| #define HAVE_DLFCN_H 1
| #ifdef __cplusplus
| extern "C" void std::exit (int) throw (); using std::exit;
| #endif
| #define STDC_HEADERS 1
| #define HAVE_ERRNO_H 1
| #define HAVE_LIMITS_H 1
| #define HAVE_STDDEF_H 1
| #define HAVE_STDLIB_H 1
| #define HAVE_STRING_H 1
| #define HAVE_UNISTD_H 1
| #define HAVE_ICONV 1
| #define ICONV_CONST 
| #define HAVE_ICONV_H 1
| #define HAVE_ICONV_T_DEF 1
| #define HAVE_LIBM 1
| #define HAVE_LIBZ 1
| #define HAVE_PNG_H 1
| #define HAVE_LIBPNG 1
| #define HAVE_LIBFREETYPE 1
| #define HAVE_FT2BUILD_H 1
| #define HAVE_LIBFONTCONFIG 1
| /* end confdefs.h.  */
| #include <pthread.h>
| int
| main ()
| {
| pthread_t th; pthread_join(th, 0);
|                      pthread_attr_init(0); pthread_cleanup_push(0, 0);
|                      pthread_create(0,0,0,0); pthread_cleanup_pop(0);
|   ;
|   return 0;
| }
configure:23010: result: no
configure:22891: checking whether pthreads work with -pthread
configure:22977: gcc -o conftest -g -O2 -pthread -I/usr/include/freetype2    -L/usr/lib64  conftest.c  -lfontconfig -lfreetype -lpng12 -lz -lm  >&5
configure:22983: $? = 0
configure:22987: test -z 
			 || test ! -s conftest.err
configure:22990: $? = 0
configure:22993: test -s conftest
configure:22996: $? = 0
configure:23010: result: yes
configure:23029: checking for joinable pthread attribute
configure:23049: gcc -o conftest -g -O2 -pthread -I/usr/include/freetype2    -L/usr/lib64  conftest.c  -lfontconfig -lfreetype -lpng12 -lz -lm  >&5
configure:23055: $? = 0
configure:23059: test -z 
			 || test ! -s conftest.err
configure:23062: $? = 0
configure:23065: test -s conftest
configure:23068: $? = 0
configure:23079: result: PTHREAD_CREATE_JOINABLE
configure:23089: checking if more special flags are required for pthreads
configure:23096: result: no
configure:23188: result:
** Configuration summary for gd 2.0.35:

   Support for PNG library:          yes
   Support for JPEG library:         no
   Support for Freetype 2.x library: yes
   Support for Fontconfig library:   yes
   Support for Xpm library:          no
   Support for pthreads:             yes

configure:23326: creating ./config.status

## ---------------- ##
## Cache variables. ##
## ---------------- ##

ac_cv_build=x86_64-unknown-linux-gnu
ac_cv_build_alias=x86_64-unknown-linux-gnu
ac_cv_c_compiler_gnu=yes
ac_cv_cxx_compiler_gnu=yes
ac_cv_env_CC_set=set
ac_cv_env_CC_value=gcc
ac_cv_env_CFLAGS_set=
ac_cv_env_CFLAGS_value=
ac_cv_env_CPPFLAGS_set=
ac_cv_env_CPPFLAGS_value=
ac_cv_env_CPP_set=
ac_cv_env_CPP_value=
ac_cv_env_CXXCPP_set=
ac_cv_env_CXXCPP_value=
ac_cv_env_CXXFLAGS_set=
ac_cv_env_CXXFLAGS_value=
ac_cv_env_CXX_set=
ac_cv_env_CXX_value=
ac_cv_env_F77_set=
ac_cv_env_F77_value=
ac_cv_env_FFLAGS_set=
ac_cv_env_FFLAGS_value=
ac_cv_env_LDFLAGS_set=
ac_cv_env_LDFLAGS_value=
ac_cv_env_build_alias_set=
ac_cv_env_build_alias_value=
ac_cv_env_host_alias_set=
ac_cv_env_host_alias_value=
ac_cv_env_target_alias_set=
ac_cv_env_target_alias_value=
ac_cv_exeext=
ac_cv_f77_compiler_gnu=yes
ac_cv_func_sin=no
ac_cv_header_dlfcn_h=yes
ac_cv_header_errno_h=yes
ac_cv_header_ft2build_h=yes
ac_cv_header_iconv_h=yes
ac_cv_header_inttypes_h=yes
ac_cv_header_limits_h=yes
ac_cv_header_memory_h=yes
ac_cv_header_png_h=yes
ac_cv_header_stdc=yes
ac_cv_header_stddef_h=yes
ac_cv_header_stdint_h=yes
ac_cv_header_stdlib_h=yes
ac_cv_header_string_h=yes
ac_cv_header_strings_h=yes
ac_cv_header_sys_stat_h=yes
ac_cv_header_sys_types_h=yes
ac_cv_header_unistd_h=yes
ac_cv_host=x86_64-unknown-linux-gnu
ac_cv_host_alias=x86_64-unknown-linux-gnu
ac_cv_lib_Xpm_XpmReadFileToXpmImage=no
ac_cv_lib_fontconfig_FcInit=yes
ac_cv_lib_freetype_FT_Init_FreeType=yes
ac_cv_lib_jpeg_jpeg_set_defaults=no
ac_cv_lib_m_sin=yes
ac_cv_lib_png12_png_create_read_struct=yes
ac_cv_lib_png_png_create_read_struct=yes
ac_cv_lib_z_deflate=yes
ac_cv_objext=o
ac_cv_path_FREETYPE_CONFIG=/usr/bin/freetype-config
ac_cv_path_LIBPNG12_CONFIG=/usr/bin/libpng12-config
ac_cv_path_LIBPNG_CONFIG=/usr/bin/libpng-config
ac_cv_path_install='/usr/bin/install -c'
ac_cv_prog_AWK=gawk
ac_cv_prog_CPP='gcc -E'
ac_cv_prog_CXXCPP='g++ -E'
ac_cv_prog_ac_ct_AR=ar
ac_cv_prog_ac_ct_CC=gcc
ac_cv_prog_ac_ct_CXX=g++
ac_cv_prog_ac_ct_F77=f95
ac_cv_prog_ac_ct_RANLIB=ranlib
ac_cv_prog_ac_ct_STRIP=strip
ac_cv_prog_cc_g=yes
ac_cv_prog_cc_stdc=
ac_cv_prog_cxx_g=yes
ac_cv_prog_egrep='grep -E'
ac_cv_prog_f77_g=yes
ac_cv_prog_make_make_set=yes
ac_cv_target=x86_64-unknown-linux-gnu
ac_cv_target_alias=x86_64-unknown-linux-gnu
acl_cv_hardcode_direct=no
acl_cv_hardcode_libdir_flag_spec='${wl}-rpath ${wl}$libdir'
acl_cv_hardcode_libdir_separator=
acl_cv_hardcode_minus_L=no
acl_cv_libext=a
acl_cv_path_LD='/usr/bin/ld -m elf_x86_64'
acl_cv_prog_gnu_ld=yes
acl_cv_rpath=done
acl_cv_shlibext=so
acl_cv_sys_lib_dlsearch_path_spec='/lib /usr/lib'
acl_cv_sys_lib_search_path_spec='/lib /usr/lib /usr/local/lib'
acl_cv_wl=-Wl,
am_cv_CC_dependencies_compiler_type=gcc3
am_cv_CXX_dependencies_compiler_type=gcc3
am_cv_func_iconv=yes
am_cv_lib_iconv=no
am_cv_prog_cc_stdc=
am_cv_proto_iconv='extern size_t iconv (iconv_t cd, char * *inbuf, size_t *inbytesleft, char * *outbuf, size_t *outbytesleft);'
am_cv_proto_iconv_arg1=
lt_cv_deplibs_check_method=pass_all
lt_cv_file_magic_cmd='$MAGIC_CMD'
lt_cv_file_magic_test_file=
lt_cv_ld_reload_flag=-r
lt_cv_objdir=.libs
lt_cv_path_LD=/usr/bin/ld
lt_cv_path_LDCXX='/usr/bin/ld -m elf_x86_64'
lt_cv_path_NM='/usr/bin/nm -B'
lt_cv_path_SED=/bin/sed
lt_cv_prog_compiler_c_o=yes
lt_cv_prog_compiler_c_o_CXX=yes
lt_cv_prog_compiler_c_o_F77=yes
lt_cv_prog_compiler_rtti_exceptions=no
lt_cv_prog_gnu_ld=yes
lt_cv_prog_gnu_ldcxx=yes
lt_cv_sys_global_symbol_pipe='sed -n -e '\''s/^.*[ 	]\([ABCDGIRSTW][ABCDGIRSTW]*\)[ 	][ 	]*\([_A-Za-z][_A-Za-z0-9]*\)$/\1 \2 \2/p'\'''
lt_cv_sys_global_symbol_to_c_name_address='sed -n -e '\''s/^: \([^ ]*\) $/  {\"\1\", (lt_ptr) 0},/p'\'' -e '\''s/^[BCDEGRST] \([^ ]*\) \([^ ]*\)$/  {"\2", (lt_ptr) \&\2},/p'\'''
lt_cv_sys_global_symbol_to_cdecl='sed -n -e '\''s/^. .* \(.*\)$/extern int \1;/p'\'''
lt_cv_sys_max_cmd_len=32768
lt_lt_cv_prog_compiler_c_o='"yes"'
lt_lt_cv_prog_compiler_c_o_CXX='"yes"'
lt_lt_cv_prog_compiler_c_o_F77='"yes"'
lt_lt_cv_sys_global_symbol_pipe='"sed -n -e '\''s/^.*[ 	]\\([ABCDGIRSTW][ABCDGIRSTW]*\\)[ 	][ 	]*\\([_A-Za-z][_A-Za-z0-9]*\\)\$/\\1 \\2 \\2/p'\''"'
lt_lt_cv_sys_global_symbol_to_c_name_address='"sed -n -e '\''s/^: \\([^ ]*\\) \$/  {\\\"\\1\\\", (lt_ptr) 0},/p'\'' -e '\''s/^[BCDEGRST] \\([^ ]*\\) \\([^ ]*\\)\$/  {\"\\2\", (lt_ptr) \\&\\2},/p'\''"'
lt_lt_cv_sys_global_symbol_to_cdecl='"sed -n -e '\''s/^. .* \\(.*\\)\$/extern int \\1;/p'\''"'

## ----------------- ##
## Output variables. ##
## ----------------- ##

ACLOCAL='${SHELL} /usr/home/et/Work/nosync/sw/gd-2.0.35/config/missing --run aclocal-1.9'
AMDEPBACKSLASH='\'
AMDEP_FALSE='#'
AMDEP_TRUE=''
AMTAR='${SHELL} /usr/home/et/Work/nosync/sw/gd-2.0.35/config/missing --run tar'
AR='ar'
AUTOCONF='${SHELL} /usr/home/et/Work/nosync/sw/gd-2.0.35/config/missing --run autoconf'
AUTOHEADER='${SHELL} /usr/home/et/Work/nosync/sw/gd-2.0.35/config/missing --run autoheader'
AUTOMAKE='${SHELL} /usr/home/et/Work/nosync/sw/gd-2.0.35/config/missing --run automake-1.9'
AWK='gawk'
CC='gcc'
CCDEPMODE='depmode=gcc3'
CFLAGS='-g -O2'
CPP='gcc -E'
CPPFLAGS='-I/usr/include/freetype2 '
CXX='g++'
CXXCPP='g++ -E'
CXXDEPMODE='depmode=gcc3'
CXXFLAGS='-g -O2'
CYGPATH_W='echo'
DEFS='-DHAVE_CONFIG_H'
DEPDIR='.deps'
ECHO='echo'
ECHO_C=''
ECHO_N='-n'
ECHO_T=''
EGREP='grep -E'
EXEEXT=''
F77='f95'
FEATURES='GD_FONTCONFIG GD_FREETYPE GD_PNG GD_GIF GD_GIFANIM GD_OPENPOLYGON'
FFLAGS='-g -O2'
FREETYPE_CONFIG='/usr/bin/freetype-config'
GDLIBNAME='gd'
GDLIB_MAJOR='2'
GDLIB_MINOR='0'
GDLIB_REVISION='35'
INSTALL_DATA='${INSTALL} -m 644'
INSTALL_PROGRAM='${INSTALL}'
INSTALL_SCRIPT='${INSTALL}'
INSTALL_STRIP_PROGRAM='${SHELL} $(install_sh) -c -s'
LDFLAGS='  -L/usr/lib64 '
LIBICONV=''
LIBOBJS=''
LIBPNG12_CONFIG='/usr/bin/libpng12-config'
LIBPNG_CONFIG='/usr/bin/libpng-config'
LIBS='-lfontconfig -lfreetype -lpng12 -lz -lm '
LIBTOOL='$(SHELL) $(top_builddir)/libtool'
LN_S='ln -s'
LTLIBICONV=''
LTLIBOBJS=''
MAKEINFO='${SHELL} /usr/home/et/Work/nosync/sw/gd-2.0.35/config/missing --run makeinfo'
OBJEXT='o'
PACKAGE='gd'
PACKAGE_BUGREPORT='http://bugs.libgd.org'
PACKAGE_NAME='GD'
PACKAGE_STRING='GD 2.0.35'
PACKAGE_TARNAME='gd'
PACKAGE_VERSION='2.0.35'
PATH_SEPARATOR=':'
PTHREAD_CC='gcc'
PTHREAD_CFLAGS='-pthread'
PTHREAD_LIBS=''
RANLIB='ranlib'
SED='/bin/sed'
SET_MAKE=''
SHELL='/bin/sh'
STRIP='strip'
VERSION='2.0.35'
XTRA_LDFLAGS=''
ac_ct_AR='ar'
ac_ct_CC='gcc'
ac_ct_CXX='g++'
ac_ct_F77='f95'
ac_ct_RANLIB='ranlib'
ac_ct_STRIP='strip'
acx_pthread_config=''
am__fastdepCC_FALSE='#'
am__fastdepCC_TRUE=''
am__fastdepCXX_FALSE='#'
am__fastdepCXX_TRUE=''
am__include='include'
am__leading_dot='.'
am__quote=''
am__tar='${AMTAR} chof - "$$tardir"'
am__untar='${AMTAR} xf -'
bindir='${exec_prefix}/bin'
build='x86_64-unknown-linux-gnu'
build_alias=''
build_cpu='x86_64'
build_os='linux-gnu'
build_vendor='unknown'
datadir='${prefix}/share'
exec_prefix='${prefix}'
host='x86_64-unknown-linux-gnu'
host_alias=''
host_cpu='x86_64'
host_os='linux-gnu'
host_vendor='unknown'
includedir='${prefix}/include'
infodir='${prefix}/info'
install_sh='/usr/home/et/Work/nosync/sw/gd-2.0.35/config/install-sh'
libdir='${exec_prefix}/lib'
libexecdir='${exec_prefix}/libexec'
localstatedir='${prefix}/var'
mandir='${prefix}/man'
mkdir_p='mkdir -p --'
oldincludedir='/usr/include'
prefix='/usr/local'
program_transform_name='s,x,x,'
sbindir='${exec_prefix}/sbin'
sharedstatedir='${prefix}/com'
sysconfdir='${prefix}/etc'
target='x86_64-unknown-linux-gnu'
target_alias=''
target_cpu='x86_64'
target_os='linux-gnu'
target_vendor='unknown'

## ----------- ##
## confdefs.h. ##
## ----------- ##

#define HAVE_DLFCN_H 1
#define HAVE_ERRNO_H 1
#define HAVE_FT2BUILD_H 1
#define HAVE_ICONV 1
#define HAVE_ICONV_H 1
#define HAVE_ICONV_T_DEF 1
#define HAVE_INTTYPES_H 1
#define HAVE_LIBFONTCONFIG 1
#define HAVE_LIBFREETYPE 1
#define HAVE_LIBM 1
#define HAVE_LIBPNG 1
#define HAVE_LIBZ 1
#define HAVE_LIMITS_H 1
#define HAVE_MEMORY_H 1
#define HAVE_PNG_H 1
#define HAVE_PTHREAD 1
#define HAVE_STDDEF_H 1
#define HAVE_STDINT_H 1
#define HAVE_STDLIB_H 1
#define HAVE_STDLIB_H 1
#define HAVE_STRINGS_H 1
#define HAVE_STRING_H 1
#define HAVE_STRING_H 1
#define HAVE_SYS_STAT_H 1
#define HAVE_SYS_TYPES_H 1
#define HAVE_UNISTD_H 1
#define HAVE_UNISTD_H 1
#define ICONV_CONST 
#define PACKAGE "gd"
#define PACKAGE_BUGREPORT "http://bugs.libgd.org"
#define PACKAGE_NAME "GD"
#define PACKAGE_STRING "GD 2.0.35"
#define PACKAGE_TARNAME "gd"
#define PACKAGE_VERSION "2.0.35"
#define STDC_HEADERS 1
#define STDC_HEADERS 1
#define VERSION "2.0.35"
#endif
#ifdef __cplusplus
extern "C" void std::exit (int) throw (); using std::exit;

configure: exit 0

## ---------------------- ##
## Running config.status. ##
## ---------------------- ##

This file was extended by GD config.status 2.0.35, which was
generated by GNU Autoconf 2.59.  Invocation command line was

  CONFIG_FILES    = 
  CONFIG_HEADERS  = 
  CONFIG_LINKS    = 
  CONFIG_COMMANDS = 
  $ ./config.status 

on hexagon.tallmaple.com

config.status:737: creating Makefile
config.status:737: creating config/Makefile
config.status:737: creating config/gdlib-config
config.status:737: creating test/Makefile
config.status:841: creating config.h
config.status:1167: executing depfiles commands

## ---------------------- ##
## Running config.status. ##
## ---------------------- ##

This file was extended by GD config.status 2.0.35, which was
generated by GNU Autoconf 2.59.  Invocation command line was

  CONFIG_FILES    = 
  CONFIG_HEADERS  = 
  CONFIG_LINKS    = 
  CONFIG_COMMANDS = 
  $ ./config.status config.h

on hexagon.tallmaple.com

config.status:841: creating config.h
config.status:987: config.h is unchanged
